[INFO] [1776420332.344681183] [bug0_planner_node]: Bug 0 planner ready. Send a goal on /goal_pose.
[WARN] [1776420332.430113056] [bug0_planner_node]: Waiting for scan / odom...
[INFO] [1776420341.174942947] [bug0_planner_node]: New goal in frame 'odom'
[INFO] [1776420341.243800948] [bug0_planner_node]: Goal transformed into 'odom'
[INFO] [1776420341.244165970] [bug0_planner_node]: Obstacle ahead (0.10 m, cone ±30°) -> WALL_FOLLOW
[INFO] [1776420351.759097380] [bug0_planner_node]: Leaving wall: front=4.30 goal_dir=4.02 >= 0.90 -> GO_TO_GOAL
[INFO] [1776420354.463290977] [bug0_planner_node]: Obstacle ahead (0.36 m, cone ±30°) -> WALL_FOLLOW
[INFO] [1776420355.264216835] [bug0_planner_node]: Leaving wall: front=3.90 goal_dir=3.90 >= 0.90 -> GO_TO_GOAL
[INFO] [1776420392.109666910] [bug0_planner_node]: Goal reached. dist=0.20
[INFO] [1776420397.080218798] [bug0_planner_node]: New goal in frame 'odom'
[INFO] [1776420397.116306021] [bug0_planner_node]: Goal transformed into 'odom'
[INFO] [1776420402.124150579] [bug0_planner_node]: Obstacle ahead (0.49 m, cone ±30°) -> WALL_FOLLOW
[INFO] [1776420434.371108010] [bug0_planner_node]: Leaving wall: front=1.83 goal_dir=1.79 >= 0.90 -> GO_TO_GOAL
[INFO] [1776420441.079781803] [bug0_planner_node]: Obstacle ahead (0.48 m, cone ±30°) -> WALL_FOLLOW
[INFO] [1776420441.880791877] [bug0_planner_node]: Leaving wall: front=1.32 goal_dir=3.51 >= 0.90 -> GO_TO_GOAL
[INFO] [1776420453.697955991] [bug0_planner_node]: Obstacle ahead (0.49 m, cone ±30°) -> WALL_FOLLOW
[INFO] [1776420484.239878987] [bug0_planner_node]: Leaving wall: front=1.70 goal_dir=1.66 >= 0.90 -> GO_TO_GOAL
[INFO] [1776420490.749918465] [bug0_planner_node]: Obstacle ahead (0.49 m, cone ±30°) -> WALL_FOLLOW
[INFO] [1776420491.550127306] [bug0_planner_node]: Leaving wall: front=1.24 goal_dir=3.41 >= 0.90 -> GO_TO_GOAL
[INFO] [1776420503.066874413] [bug0_planner_node]: Obstacle ahead (0.47 m, cone ±30°) -> WALL_FOLLOW
