[INFO] [1776421088.964368373] [bug0_planner_node]: Bug 0 planner ready. Send a goal on /goal_pose.
[WARN] [1776421088.989672163] [bug0_planner_node]: Waiting for scan / odom...
[INFO] [1776421092.065542506] [bug0_planner_node]: New goal in frame 'odom'
[INFO] [1776421092.094970034] [bug0_planner_node]: Goal transformed into 'odom'
[INFO] [1776421101.911495860] [bug0_planner_node]: Obstacle ahead (0.48 m, cone ±30°) -> WALL_FOLLOW
[INFO] [1776421117.733470680] [bug0_planner_node]: Leaving wall: front=2.19 goal_dir=2.01 >= 0.90 -> GO_TO_GOAL
[INFO] [1776421124.843627736] [bug0_planner_node]: Obstacle ahead (0.50 m, cone ±30°) -> WALL_FOLLOW
[INFO] [1776421130.512885330] [bug0_planner_node]: New goal in frame 'odom'
[INFO] [1776421130.551426827] [bug0_planner_node]: Goal transformed into 'odom'
[INFO] [1776421130.551828977] [bug0_planner_node]: Obstacle ahead (0.44 m, cone ±30°) -> WALL_FOLLOW
[INFO] [1776421142.870404670] [bug0_planner_node]: Leaving wall: front=0.98 goal_dir=5.13 >= 0.90 -> GO_TO_GOAL
[INFO] [1776421153.309261994] [bug0_planner_node]: New goal in frame 'odom'
[INFO] [1776421153.382792588] [bug0_planner_node]: Goal transformed into 'odom'
[INFO] [1776421162.096777298] [bug0_planner_node]: Obstacle ahead (0.49 m, cone ±30°) -> WALL_FOLLOW
[INFO] [1776421176.619511065] [bug0_planner_node]: Leaving wall: front=0.92 goal_dir=4.23 >= 0.90 -> GO_TO_GOAL
[INFO] [1776421187.233763999] [bug0_planner_node]: Goal reached. dist=0.19
[INFO] [1776421198.054823312] [bug0_planner_node]: New goal in frame 'odom'
[INFO] [1776421198.148608924] [bug0_planner_node]: Goal transformed into 'odom'
[INFO] [1776421205.659900563] [bug0_planner_node]: Obstacle ahead (0.49 m, cone ±30°) -> WALL_FOLLOW
[INFO] [1776421234.403021043] [bug0_planner_node]: Leaving wall: front=2.45 goal_dir=2.51 >= 0.90 -> GO_TO_GOAL
[INFO] [1776421247.521742506] [bug0_planner_node]: Goal reached. dist=0.19
[INFO] [1776421252.508683074] [bug0_planner_node]: New goal in frame 'odom'
[INFO] [1776421252.527841028] [bug0_planner_node]: Goal transformed into 'odom'
[INFO] [1776421273.359897843] [bug0_planner_node]: Obstacle ahead (0.50 m, cone ±30°) -> WALL_FOLLOW
[INFO] [1776421284.877017765] [bug0_planner_node]: Leaving wall: front=1.09 goal_dir=1.10 >= 0.90 -> GO_TO_GOAL
[INFO] [1776421285.860523501] [bug0_planner_node]: New goal in frame 'odom'
[INFO] [1776421285.878458608] [bug0_planner_node]: Goal transformed into 'odom'
[INFO] [1776421298.195300186] [bug0_planner_node]: Obstacle ahead (0.50 m, cone ±30°) -> WALL_FOLLOW
[INFO] [1776421314.720003757] [bug0_planner_node]: Leaving wall: front=1.19 goal_dir=1.03 >= 0.90 -> GO_TO_GOAL
[INFO] [1776421318.624808589] [bug0_planner_node]: Obstacle ahead (0.48 m, cone ±30°) -> WALL_FOLLOW
[INFO] [1776421320.327651858] [bug0_planner_node]: Leaving wall: front=inf goal_dir=inf >= 0.90 -> GO_TO_GOAL
[INFO] [1776421322.130042334] [bug0_planner_node]: Obstacle ahead (0.39 m, cone ±30°) -> WALL_FOLLOW
[INFO] [1776421322.931049337] [bug0_planner_node]: Leaving wall: front=inf goal_dir=inf >= 0.90 -> GO_TO_GOAL
[INFO] [1776421326.135975585] [bug0_planner_node]: Obstacle ahead (0.10 m, cone ±30°) -> WALL_FOLLOW
[INFO] [1776421328.138896806] [bug0_planner_node]: Leaving wall: front=inf goal_dir=inf >= 0.90 -> GO_TO_GOAL
[INFO] [1776421334.046227562] [bug0_planner_node]: Goal reached. dist=0.17
