[WARN] [1776420191.530611108] [rtabmap]: Parameter "queue_size" has been renamed to "sync_queue_size" and will be removed in future versions! The value (30) is copied to "sync_queue_size".
[INFO] [1776420191.543750526] [rtabmap]: rtabmap(maps): latch                      = true
[INFO] [1776420191.543871742] [rtabmap]: rtabmap(maps): map_filter_radius          = 0.000000
[INFO] [1776420191.543901219] [rtabmap]: rtabmap(maps): map_filter_angle           = 30.000000
[INFO] [1776420191.543909173] [rtabmap]: rtabmap(maps): map_cleanup                = true
[INFO] [1776420191.543914280] [rtabmap]: rtabmap(maps): map_always_update          = false
[INFO] [1776420191.543918899] [rtabmap]: rtabmap(maps): map_empty_ray_tracing      = true
[INFO] [1776420191.543923191] [rtabmap]: rtabmap(maps): cloud_output_voxelized     = true
[INFO] [1776420191.543927458] [rtabmap]: rtabmap(maps): cloud_subtract_filtering   = false
[INFO] [1776420191.543931429] [rtabmap]: rtabmap(maps): cloud_subtract_filtering_min_neighbors = 2
[INFO] [1776420191.543954054] [rtabmap]: rtabmap(maps): octomap_tree_depth         = 16
[INFO] [1776420191.564512109] [rtabmap]: rtabmap: frame_id      = base_link
[INFO] [1776420191.564573372] [rtabmap]: rtabmap: odom_frame_id = odom
[INFO] [1776420191.564576660] [rtabmap]: rtabmap: map_frame_id  = map
[INFO] [1776420191.564579347] [rtabmap]: rtabmap: log_to_rosout_level  = 4
[INFO] [1776420191.564582614] [rtabmap]: rtabmap: initial_pose  = 
[INFO] [1776420191.564585132] [rtabmap]: rtabmap: use_action_for_goal  = false
[INFO] [1776420191.564587814] [rtabmap]: rtabmap: tf_delay      = 0.050000
[INFO] [1776420191.564593592] [rtabmap]: rtabmap: tf_tolerance  = 0.100000
[INFO] [1776420191.564596528] [rtabmap]: rtabmap: odom_sensor_sync   = false
[INFO] [1776420191.564599036] [rtabmap]: rtabmap: pub_loc_pose_only_when_localizing = false
[INFO] [1776420191.564601643] [rtabmap]: rtabmap: wait_for_transform = 0.200000
[INFO] [1776420191.564606028] [rtabmap]: rtabmap: gen_scan  = false
[INFO] [1776420191.564608757] [rtabmap]: rtabmap: gen_depth  = false
[INFO] [1776420191.575074644] [rtabmap]: Setting RTAB-Map parameter "Grid/RangeMax"="10.0" (rosparam)
[INFO] [1776420191.576469918] [rtabmap]: Setting RTAB-Map parameter "Mem/IncrementalMemory"="False" (rosparam)
[INFO] [1776420191.576500801] [rtabmap]: Setting RTAB-Map parameter "Mem/InitWMWithAllNodes"="True" (rosparam)
[INFO] [1776420191.577301094] [rtabmap]: Setting RTAB-Map parameter "RGBD/LoopClosureReextractFeatures"="False" (rosparam)
[INFO] [1776420191.577510328] [rtabmap]: Setting RTAB-Map parameter "RGBD/ProximityBySpace"="False" (rosparam)
[INFO] [1776420191.577701713] [rtabmap]: Setting RTAB-Map parameter "Reg/Force3DoF"="True" (rosparam)
[INFO] [1776420191.577740305] [rtabmap]: Setting RTAB-Map parameter "Reg/Strategy"="0" (rosparam)
[INFO] [1776420191.579248686] [rtabmap]: Setting RTAB-Map parameter "Vis/MinInliers"="12" (rosparam)
[WARN] [1776420191.579777150] [rtabmap]: Setting "Grid/Sensor" parameter to 0 (default 1) as "subscribe_scan" or "subscribe_scan_cloud" or "gen_scan" is true. The occupancy grid map will be constructed from laser scans. To get occupancy grid map from cloud projection, set "Grid/Sensor" to true. To suppress this warning, add <param name="Grid/Sensor" type="string" value="0"/>
[FATAL] [1776420191.579940811] [rtabmap]: [FATAL] (2026-04-17 10:03:11.579) DBDriverSqlite3.cpp:365::connectDatabaseQuery() DB error : unable to open database file (path="/root/.ros/rtabmap.db"). Make sure that your user has write permission on the target directory (you may have to change the working directory). 
