[WARN] [1776420795.212677444] [rtabmap]: Parameter "queue_size" has been renamed to "sync_queue_size" and will be removed in future versions! The value (30) is copied to "sync_queue_size".
[INFO] [1776420795.221759993] [rtabmap]: rtabmap(maps): latch                      = true
[INFO] [1776420795.221797942] [rtabmap]: rtabmap(maps): map_filter_radius          = 0.000000
[INFO] [1776420795.221810154] [rtabmap]: rtabmap(maps): map_filter_angle           = 30.000000
[INFO] [1776420795.221815699] [rtabmap]: rtabmap(maps): map_cleanup                = true
[INFO] [1776420795.221819746] [rtabmap]: rtabmap(maps): map_always_update          = false
[INFO] [1776420795.221823626] [rtabmap]: rtabmap(maps): map_empty_ray_tracing      = true
[INFO] [1776420795.221827542] [rtabmap]: rtabmap(maps): cloud_output_voxelized     = true
[INFO] [1776420795.221831221] [rtabmap]: rtabmap(maps): cloud_subtract_filtering   = false
[INFO] [1776420795.221835077] [rtabmap]: rtabmap(maps): cloud_subtract_filtering_min_neighbors = 2
[INFO] [1776420795.221851258] [rtabmap]: rtabmap(maps): octomap_tree_depth         = 16
[INFO] [1776420795.237907718] [rtabmap]: rtabmap: frame_id      = base_link
[INFO] [1776420795.238341049] [rtabmap]: rtabmap: odom_frame_id = odom
[INFO] [1776420795.238514339] [rtabmap]: rtabmap: map_frame_id  = map
[INFO] [1776420795.238662806] [rtabmap]: rtabmap: log_to_rosout_level  = 4
[INFO] [1776420795.238785791] [rtabmap]: rtabmap: initial_pose  = 
[INFO] [1776420795.239011617] [rtabmap]: rtabmap: use_action_for_goal  = false
[INFO] [1776420795.239125897] [rtabmap]: rtabmap: tf_delay      = 0.050000
[INFO] [1776420795.239136654] [rtabmap]: rtabmap: tf_tolerance  = 0.100000
[INFO] [1776420795.239141286] [rtabmap]: rtabmap: odom_sensor_sync   = false
[INFO] [1776420795.239145806] [rtabmap]: rtabmap: pub_loc_pose_only_when_localizing = false
[INFO] [1776420795.239154539] [rtabmap]: rtabmap: wait_for_transform = 0.200000
[INFO] [1776420795.239159260] [rtabmap]: rtabmap: gen_scan  = false
[INFO] [1776420795.239276984] [rtabmap]: rtabmap: gen_depth  = false
[INFO] [1776420795.254588767] [rtabmap]: Setting RTAB-Map parameter "Grid/RangeMax"="10.0" (rosparam)
[INFO] [1776420795.257003294] [rtabmap]: Setting RTAB-Map parameter "Mem/IncrementalMemory"="False" (rosparam)
[INFO] [1776420795.257064538] [rtabmap]: Setting RTAB-Map parameter "Mem/InitWMWithAllNodes"="True" (rosparam)
[INFO] [1776420795.258273666] [rtabmap]: Setting RTAB-Map parameter "RGBD/LoopClosureReextractFeatures"="False" (rosparam)
[INFO] [1776420795.258678664] [rtabmap]: Setting RTAB-Map parameter "RGBD/ProximityBySpace"="False" (rosparam)
[INFO] [1776420795.259008367] [rtabmap]: Setting RTAB-Map parameter "Reg/Force3DoF"="True" (rosparam)
[INFO] [1776420795.259077612] [rtabmap]: Setting RTAB-Map parameter "Reg/Strategy"="0" (rosparam)
[INFO] [1776420795.262203421] [rtabmap]: Setting RTAB-Map parameter "Vis/MinInliers"="12" (rosparam)
[WARN] [1776420795.263112421] [rtabmap]: Setting "Grid/Sensor" parameter to 0 (default 1) as "subscribe_scan" or "subscribe_scan_cloud" or "gen_scan" is true. The occupancy grid map will be constructed from laser scans. To get occupancy grid map from cloud projection, set "Grid/Sensor" to true. To suppress this warning, add <param name="Grid/Sensor" type="string" value="0"/>
[FATAL] [1776420795.263273530] [rtabmap]: [FATAL] (2026-04-17 10:13:15.263) DBDriverSqlite3.cpp:365::connectDatabaseQuery() DB error : unable to open database file (path="/root/.ros/rtabmap.db"). Make sure that your user has write permission on the target directory (you may have to change the working directory). 
