[WARN] [1776419987.971893717] [rtabmap]: Parameter "queue_size" has been renamed to "sync_queue_size" and will be removed in future versions! The value (30) is copied to "sync_queue_size".
[INFO] [1776419987.978680313] [rtabmap]: rtabmap(maps): latch                      = true
[INFO] [1776419987.978698680] [rtabmap]: rtabmap(maps): map_filter_radius          = 0.000000
[INFO] [1776419987.978712380] [rtabmap]: rtabmap(maps): map_filter_angle           = 30.000000
[INFO] [1776419987.978719267] [rtabmap]: rtabmap(maps): map_cleanup                = true
[INFO] [1776419987.978724429] [rtabmap]: rtabmap(maps): map_always_update          = false
[INFO] [1776419987.978730946] [rtabmap]: rtabmap(maps): map_empty_ray_tracing      = true
[INFO] [1776419987.978735788] [rtabmap]: rtabmap(maps): cloud_output_voxelized     = true
[INFO] [1776419987.978740663] [rtabmap]: rtabmap(maps): cloud_subtract_filtering   = false
[INFO] [1776419987.978745544] [rtabmap]: rtabmap(maps): cloud_subtract_filtering_min_neighbors = 2
[INFO] [1776419987.978760114] [rtabmap]: rtabmap(maps): octomap_tree_depth         = 16
[INFO] [1776419987.987377778] [rtabmap]: rtabmap: frame_id      = base_link
[INFO] [1776419987.987398435] [rtabmap]: rtabmap: odom_frame_id = odom
[INFO] [1776419987.987402972] [rtabmap]: rtabmap: map_frame_id  = map
[INFO] [1776419987.987406738] [rtabmap]: rtabmap: log_to_rosout_level  = 4
[INFO] [1776419987.987410945] [rtabmap]: rtabmap: initial_pose  = 
[INFO] [1776419987.987414756] [rtabmap]: rtabmap: use_action_for_goal  = false
[INFO] [1776419987.987418696] [rtabmap]: rtabmap: tf_delay      = 0.050000
[INFO] [1776419987.987426288] [rtabmap]: rtabmap: tf_tolerance  = 0.100000
[INFO] [1776419987.987430511] [rtabmap]: rtabmap: odom_sensor_sync   = false
[INFO] [1776419987.987434218] [rtabmap]: rtabmap: pub_loc_pose_only_when_localizing = false
[INFO] [1776419987.987438128] [rtabmap]: rtabmap: wait_for_transform = 0.200000
[INFO] [1776419987.987442342] [rtabmap]: rtabmap: gen_scan  = false
[INFO] [1776419987.987446075] [rtabmap]: rtabmap: gen_depth  = false
[INFO] [1776419987.997834906] [rtabmap]: Setting RTAB-Map parameter "Grid/RangeMax"="10.0" (rosparam)
[INFO] [1776419987.999140344] [rtabmap]: Setting RTAB-Map parameter "Mem/IncrementalMemory"="False" (rosparam)
[INFO] [1776419987.999173453] [rtabmap]: Setting RTAB-Map parameter "Mem/InitWMWithAllNodes"="True" (rosparam)
[INFO] [1776419988.000021291] [rtabmap]: Setting RTAB-Map parameter "RGBD/LoopClosureReextractFeatures"="False" (rosparam)
[INFO] [1776419988.000248101] [rtabmap]: Setting RTAB-Map parameter "RGBD/ProximityBySpace"="False" (rosparam)
[INFO] [1776419988.000513320] [rtabmap]: Setting RTAB-Map parameter "Reg/Force3DoF"="True" (rosparam)
[INFO] [1776419988.000576713] [rtabmap]: Setting RTAB-Map parameter "Reg/Strategy"="0" (rosparam)
[INFO] [1776419988.003133024] [rtabmap]: Setting RTAB-Map parameter "Vis/MinInliers"="12" (rosparam)
[WARN] [1776419988.003709037] [rtabmap]: Setting "Grid/Sensor" parameter to 0 (default 1) as "subscribe_scan" or "subscribe_scan_cloud" or "gen_scan" is true. The occupancy grid map will be constructed from laser scans. To get occupancy grid map from cloud projection, set "Grid/Sensor" to true. To suppress this warning, add <param name="Grid/Sensor" type="string" value="0"/>
[FATAL] [1776419988.003842704] [rtabmap]: [FATAL] (2026-04-17 09:59:48.003) DBDriverSqlite3.cpp:365::connectDatabaseQuery() DB error : unable to open database file (path="/root/.ros/rtabmap.db"). Make sure that your user has write permission on the target directory (you may have to change the working directory). 
