1776419976.6315129 [INFO] [launch]: All log files can be found below /home/ros/.ros/log/2026-04-17-09-59-36-630967-planning-180
1776419976.6316080 [INFO] [launch]: Default logging verbosity is set to INFO
1776419977.2895622 [INFO] [gzserver-1]: process started with pid [182]
1776419977.2897038 [INFO] [gzclient-2]: process started with pid [184]
1776419977.2897608 [INFO] [robot_state_publisher-3]: process started with pid [186]
1776419977.2898138 [INFO] [spawn_entity.py-4]: process started with pid [188]
1776419977.4335196 [gzserver-1] Gazebo multi-robot simulator, version 11.10.2
1776419977.4336643 [gzserver-1] Copyright (C) 2012 Open Source Robotics Foundation.
1776419977.4337370 [gzserver-1] Released under the Apache 2 License.
1776419977.4337788 [gzserver-1] http://gazebosim.org
1776419977.4338157 [gzserver-1] 
1776419977.5725207 [gzserver-1] [1;33m[Wrn] [gazebo_ros_init.cpp:178] [0m[1;33m
1776419977.5726888 [gzserver-1] #     # ####### ####### ###  #####  #######
1776419977.5727561 [gzserver-1] ##    # #     #    #     #  #     # #
1776419977.5728018 [gzserver-1] # #   # #     #    #     #  #       #
1776419977.5728588 [gzserver-1] #  #  # #     #    #     #  #       #####
1776419977.5728993 [gzserver-1] #   # # #     #    #     #  #       #
1776419977.5729327 [gzserver-1] #    ## #     #    #     #  #     # #
1776419977.5729671 [gzserver-1] #     # #######    #    ###  #####  #######
1776419977.5730617 [gzserver-1] 
1776419977.5731049 [gzserver-1] This version of Gazebo, now called Gazebo classic, reaches end-of-life
1776419977.5731399 [gzserver-1] in January 2025. Users are highly encouraged to migrate to the new Gazebo
1776419977.5731673 [gzserver-1] using our migration guides (https://gazebosim.org/docs/latest/gazebo_classic_migration?utm_source=gazebo_ros_pkgs&utm_medium=cli)
1776419977.5731909 [gzserver-1] 
1776419977.5732143 [gzserver-1] [0m[1;33m
1776419977.8450012 [gzserver-1] [0m[1;33m[0m[1;33m[0mALSA lib confmisc.c:855:(parse_card) cannot find card '0'
1776419977.8451023 [gzserver-1] ALSA lib conf.c:5178:(_snd_config_evaluate) function snd_func_card_inum returned error: No such file or directory
1776419977.8451300 [gzserver-1] ALSA lib confmisc.c:422:(snd_func_concat) error evaluating strings
1776419977.8451507 [gzserver-1] ALSA lib conf.c:5178:(_snd_config_evaluate) function snd_func_concat returned error: No such file or directory
1776419977.8451712 [gzserver-1] ALSA lib confmisc.c:1334:(snd_func_refer) error evaluating name
1776419977.8451896 [gzserver-1] ALSA lib conf.c:5178:(_snd_config_evaluate) function snd_func_refer returned error: No such file or directory
1776419977.8452082 [gzserver-1] ALSA lib conf.c:5701:(snd_config_expand) Evaluate error: No such file or directory
1776419977.8452268 [gzserver-1] ALSA lib pcm.c:2664:(snd_pcm_open_noupdate) Unknown PCM default
1776419977.8452442 [gzserver-1] AL lib: (EE) ALCplaybackAlsa_open: Could not open playback device 'default': No such file or directory
1776419977.8452625 [gzserver-1] [1;31m[Err] [OpenAL.cc:84] [0m[1;31mUnable to open audio device[[0m[1;31mdefault[0m[1;31m]
1776419977.8452821 [gzserver-1]  Audio will be disabled.
1776419977.8454337 [gzserver-1] [1;32m[Msg] [0m[1;32mWaiting for master.[0m[1;32m
1776419977.8454688 [gzserver-1] [0m[1;32m[0m[1;32m[0m[1;32m[Msg] [0m[1;32mConnected to gazebo master @ [0m[1;32mhttp://127.0.0.1:11345[0m[1;32m
1776419977.8454912 [gzserver-1] [0m[1;32m[0m[1;32m[0m[1;32m[Msg] [0m[1;32mPublicized address: [0m[1;32m192.168.7.128[0m[1;32m
1776419977.8455143 [gzserver-1] [0m[1;32m[0m[1;32m[0m[1;32m[Msg] [0m[1;32mLoading world file [[0m[1;32m/ros2_ws/install/rtabmap_diff_drive_tutorial/share/rtabmap_diff_drive_tutorial/worlds/test.world[0m[1;32m][0m[1;32m
1776419977.8622210 [gzserver-1] [0m[1;33m[Wrn] [ModelDatabase.cc:340] [0m[1;33mGetting models from[[0m[1;33mhttp://models.gazebosim.org/[0m[1;33m]. This may take a few seconds.
1776420079.9230964 [gzserver-1] [0m[1;33m[Wrn] [Event.cc:61] [0m[1;33mWarning: Deleting a connection right after creation. [0m[1;33mMake sure to save the ConnectionPtr from a Connect call
1776420079.9323845 [ERROR] [spawn_entity.py-4]: process has died [pid 188, exit code 1, cmd '/opt/ros/humble/lib/gazebo_ros/spawn_entity.py -topic robot_description -entity diff_drive_robot -x 0.0 -y 0.0 -z 0.1 -Y 0.0 --ros-args'].
1776420079.9714484 [gzserver-1] [0m[INFO] [1776420079.971143913] [camera_plugin]: Publishing camera info to [/camera/camera_info]
1776420079.9723604 [gzserver-1] [INFO] [1776420079.972218288] [camera_plugin]: Publishing depth camera info to [/camera/depth/camera_info]
1776420079.9726043 [gzserver-1] [INFO] [1776420079.972501129] [camera_plugin]: Publishing pointcloud to [/camera/points]
1776420079.9808855 [gzserver-1] [1;31m[Err] [Sensor.cc:510] [0m[1;31mGet noise index not valid[0m[1;31m
1776420079.9810135 [gzserver-1] [0m[1;31m[0m[1;31m[0m[1;31m[Err] [Sensor.cc:510] [0m[1;31mGet noise index not valid[0m[1;31m
1776420079.9810662 [gzserver-1] [0m[1;31m[0m[1;31m[0m[1;31m[Err] [Sensor.cc:510] [0m[1;31mGet noise index not valid[0m[1;31m
1776420079.9812663 [gzserver-1] [0m[1;31m[0m[1;31m[0m[1;31m[Err] [Sensor.cc:510] [0m[1;31mGet noise index not valid[0m[1;31m
1776420079.9813197 [gzserver-1] [0m[1;31m[0m[1;31m[0m[1;31m[Err] [Sensor.cc:510] [0m[1;31mGet noise index not valid[0m[1;31m
1776420079.9813585 [gzserver-1] [0m[1;31m[0m[1;31m[0m[1;31m[Err] [Sensor.cc:510] [0m[1;31mGet noise index not valid[0m[1;31m
1776420081.8343637 [gzserver-1] [0m[1;31m[0m[1;31m[0m[1;33m[Wrn] [Visual.cc:1056] [0m[1;33mUnable to get Material[[0m[1;33mGazebo/BrickWall[0m[1;33m] for Geometry[[0m[1;33mUntitled::Wall_0::Wall_0_Visual_0[0m[1;33m. Object will appear white
1776420081.8344986 [gzserver-1] [0m[1;33m[Wrn] [Visual.cc:1056] [0m[1;33mUnable to get Material[[0m[1;33mGazebo/BrickWall[0m[1;33m] for Geometry[[0m[1;33mUntitled::Wall_0::Wall_0_Visual_0[0m[1;33m. Object will appear white
1776420081.8355227 [gzserver-1] [0m[1;33m[Wrn] [Visual.cc:1056] [0m[1;33mUnable to get Material[[0m[1;33mGazebo/BrickWall[0m[1;33m] for Geometry[[0m[1;33mUntitled::Wall_0::Wall_0_Visual_1[0m[1;33m. Object will appear white
1776420081.8356061 [gzserver-1] [0m[1;33m[Wrn] [Visual.cc:1056] [0m[1;33mUnable to get Material[[0m[1;33mGazebo/BrickWall[0m[1;33m] for Geometry[[0m[1;33mUntitled::Wall_0::Wall_0_Visual_1[0m[1;33m. Object will appear white
1776420081.8358078 [gzserver-1] [0m[1;33m[Wrn] [Visual.cc:1056] [0m[1;33mUnable to get Material[[0m[1;33mGazebo/BrickWall[0m[1;33m] for Geometry[[0m[1;33mUntitled::Wall_0::Wall_0_Visual_2[0m[1;33m. Object will appear white
1776420081.8359067 [gzserver-1] [0m[1;33m[Wrn] [Visual.cc:1056] [0m[1;33mUnable to get Material[[0m[1;33mGazebo/BrickWall[0m[1;33m] for Geometry[[0m[1;33mUntitled::Wall_0::Wall_0_Visual_2[0m[1;33m. Object will appear white
1776420081.9404736 [gzserver-1] [0m[INFO] [1776420081.940278616] [differential_drive_controller]: Wheel pair 1 separation set to [0.340000m]
1776420081.9406023 [gzserver-1] [INFO] [1776420081.940314804] [differential_drive_controller]: Wheel pair 1 diameter set to [0.100000m]
1776420081.9410915 [gzserver-1] [INFO] [1776420081.940975361] [differential_drive_controller]: Subscribed to [/cmd_vel]
1776420081.9422233 [gzserver-1] [INFO] [1776420081.942151431] [differential_drive_controller]: Advertise odometry on [/odom]
1776420081.9435971 [gzserver-1] [INFO] [1776420081.943488936] [differential_drive_controller]: Publishing odom transforms between [odom] and [base_link]
1776420081.9436586 [gzserver-1] [INFO] [1776420081.943509501] [differential_drive_controller]: Publishing wheel transforms between [base_link], [left_wheel_joint] and [right_wheel_joint]
1776420785.8341253 [WARNING] [launch]: user interrupted with ctrl-c (SIGINT)
1776420785.8450351 [gzserver-1] [1;33m[Wrn] [Publisher.cc:135] [0m[1;33mQueue limit reached for topic [0m[1;33m/gazebo/default/pose/local/info[0m[1;33m, deleting message. [0m[1;33mThis warning is printed only once.[0m[1;33m
1776420785.9403613 [INFO] [robot_state_publisher-3]: process has finished cleanly [pid 186]
1776420786.0021789 [INFO] [gzclient-2]: process has finished cleanly [pid 184]
1776420786.0066936 [WARNING] [launch]: user interrupted with ctrl-c (SIGINT) again, ignoring...
1776420786.0214045 [INFO] [gzserver-1]: process has finished cleanly [pid 182]
1776420786.0218842 [gzserver-1] [0m[1;32m[0m[1;32m[0m[1;36m[0m[1;32m[0m
1776420786.0219543 [gzserver-1] [0m[1;33m[0m[1;33m[0m[1;33m[0m[1;31m[0m
